#
# A fatal error has been detected by the Java Runtime Environment:
#
#  Internal Error (classFileParser.cpp:3494), pid=6791, tid=140486891030272
#  Error: ShouldNotReachHere()
#
# JRE version: 6.0_26-b03
# Java VM: Java HotSpot(TM) 64-Bit Server VM (20.1-b02 mixed mode linux-amd64 compressed oops)
# If you would like to submit a bug report, please visit:
#   http://java.sun.com/webapps/bugreport/crash.jsp
#

---------------  T H R E A D  ---------------

Current thread (0x0000000041217000):  JavaThread "Unknown thread" [_thread_in_vm, id=6792, stack(0x00007fc5a72c4000,0x00007fc5a73c5000)]

Stack: [0x00007fc5a72c4000,0x00007fc5a73c5000],  sp=0x00007fc5a73c3150,  free space=1020k
Native frames: (J=compiled Java code, j=interpreted, Vv=VM code, C=native code)
V  [libjvm.so+0x85ebd5]  VMError::report_and_die()+0x265
V  [libjvm.so+0x3e4286]  report_should_not_reach_here(char const*, int)+0x46
V  [libjvm.so+0x36d64b]  ClassFileParser::parseClassFile(symbolHandle, Handle, Handle, KlassHandle, GrowableArray<Handle>*, symbolHandle&, bool, Thread*)+0x2b8b
V  [libjvm.so+0x373adf]  ClassLoader::load_classfile(symbolHandle, Thread*)+0x22f
V  [libjvm.so+0x7eb85f]  SystemDictionary::load_instance_class(symbolHandle, Handle, Thread*)+0xef
V  [libjvm.so+0x7e9845]  SystemDictionary::resolve_instance_class_or_null(symbolHandle, Handle, Handle, Thread*)+0x575
V  [libjvm.so+0x7e85d1]  SystemDictionary::resolve_or_null(symbolHandle, Handle, Handle, Thread*)+0x81
V  [libjvm.so+0x7e81e4]  SystemDictionary::resolve_or_fail(symbolHandle, Handle, Handle, bool, Thread*)+0x34
V  [libjvm.so+0x7ed060]  SystemDictionary::initialize_wk_klass(SystemDictionary::WKID, int, Thread*)+0x70
V  [libjvm.so+0x7ed0f5]  SystemDictionary::initialize_wk_klasses_until(SystemDictionary::WKID, SystemDictionary::WKID&, Thread*)+0x45
V  [libjvm.so+0x7ed1d5]  SystemDictionary::initialize_preloaded_classes(Thread*)+0x75
V  [libjvm.so+0x7ecf88]  SystemDictionary::initialize(Thread*)+0xd8
V  [libjvm.so+0x8349c8]  Universe::genesis(Thread*)+0x598
V  [libjvm.so+0x8368d9]  universe2_init()+0x29
V  [libjvm.so+0x4ac57c]  init_globals()+0x8c
V  [libjvm.so+0x81cc74]  Threads::create_vm(JavaVMInitArgs*, bool*)+0x214
V  [libjvm.so+0x51a7b0]  JNI_CreateJavaVM+0x80


---------------  P R O C E S S  ---------------

Java Threads: ( => current thread )

Other Threads:

=>0x0000000041217000 (exited) JavaThread "Unknown thread" [_thread_in_vm, id=6792, stack(0x00007fc5a72c4000,0x00007fc5a73c5000)]

VM state:not at safepoint (not fully initialized)

VM Mutex/Monitor currently owned by a thread: None

Dynamic libraries:
40000000-40009000 r-xp 00000000 08:05 268820                             /usr/lib/jvm/java-6-sun-1.6.0.26/jre/bin/java
40108000-4010a000 rwxp 00008000 08:05 268820                             /usr/lib/jvm/java-6-sun-1.6.0.26/jre/bin/java
4120e000-412a2000 rwxp 00000000 00:00 0                                  [heap]
c2000000-c34c0000 rwxp 00000000 00:00 0 
c34c0000-c7200000 rwxp 00000000 00:00 0 
c7200000-c97e0000 rwxp 00000000 00:00 0 
c97e0000-ed0b0000 rwxp 00000000 00:00 0 
ed0b0000-ee3a0000 rwxp 00000000 00:00 0 
ee3a0000-100000000 rwxp 00000000 00:00 0 
7fc59c000000-7fc59c021000 rwxp 00000000 00:00 0 
7fc59c021000-7fc5a0000000 ---p 00000000 00:00 0 
7fc5a2cf8000-7fc5a2dbd000 r-xs 0115c000 00:15 2368277                    /home/aeliton/android-sdk-linux/platforms/android-17/android.jar
7fc5a2dbd000-7fc5a2de5000 rwxp 00000000 00:00 0 
7fc5a2de5000-7fc5a2de6000 ---p 00000000 00:00 0 
7fc5a2de6000-7fc5a2ee6000 rwxp 00000000 00:00 0 
7fc5a2ee6000-7fc5a2ee7000 ---p 00000000 00:00 0 
7fc5a2ee7000-7fc5a2fe7000 rwxp 00000000 00:00 0 
7fc5a2fe7000-7fc5a2fe8000 ---p 00000000 00:00 0 
7fc5a2fe8000-7fc5a30e8000 rwxp 00000000 00:00 0 
7fc5a30e8000-7fc5a30e9000 ---p 00000000 00:00 0 
7fc5a30e9000-7fc5a31f4000 rwxp 00000000 00:00 0 
7fc5a31f4000-7fc5a3212000 rwxp 00000000 00:00 0 
7fc5a3212000-7fc5a3225000 rwxp 00000000 00:00 0 
7fc5a3225000-7fc5a3342000 rwxp 00000000 00:00 0 
7fc5a3342000-7fc5a334d000 rwxp 00000000 00:00 0 
7fc5a334d000-7fc5a336b000 rwxp 00000000 00:00 0 
7fc5a336b000-7fc5a337e000 rwxp 00000000 00:00 0 
7fc5a337e000-7fc5a349a000 rwxp 00000000 00:00 0 
7fc5a349a000-7fc5a34a4000 rwxp 00000000 00:00 0 
7fc5a34a4000-7fc5a3532000 rwxp 00000000 00:00 0 
7fc5a3532000-7fc5a37a3000 rwxp 00000000 00:00 0 
7fc5a37a3000-7fc5a6533000 rwxp 00000000 00:00 0 
7fc5a6533000-7fc5a6541000 r-xp 00000000 08:05 269112                     /usr/lib/jvm/java-6-sun-1.6.0.26/jre/lib/amd64/libzip.so
7fc5a6541000-7fc5a6643000 ---p 0000e000 08:05 269112                     /usr/lib/jvm/java-6-sun-1.6.0.26/jre/lib/amd64/libzip.so
7fc5a6643000-7fc5a6646000 rwxp 00010000 08:05 269112                     /usr/lib/jvm/java-6-sun-1.6.0.26/jre/lib/amd64/libzip.so
7fc5a6646000-7fc5a6647000 rwxp 00000000 00:00 0 
7fc5a6647000-7fc5a6652000 r-xp 00000000 08:05 5038                       /lib/x86_64-linux-gnu/libnss_files-2.13.so
7fc5a6652000-7fc5a6851000 ---p 0000b000 08:05 5038                       /lib/x86_64-linux-gnu/libnss_files-2.13.so
7fc5a6851000-7fc5a6852000 r-xp 0000a000 08:05 5038                       /lib/x86_64-linux-gnu/libnss_files-2.13.so
7fc5a6852000-7fc5a6853000 rwxp 0000b000 08:05 5038                       /lib/x86_64-linux-gnu/libnss_files-2.13.so
7fc5a6853000-7fc5a685d000 r-xp 00000000 08:05 4238                       /lib/x86_64-linux-gnu/libnss_nis-2.13.so
7fc5a685d000-7fc5a6a5c000 ---p 0000a000 08:05 4238                       /lib/x86_64-linux-gnu/libnss_nis-2.13.so
7fc5a6a5c000-7fc5a6a5d000 r-xp 00009000 08:05 4238                       /lib/x86_64-linux-gnu/libnss_nis-2.13.so
7fc5a6a5d000-7fc5a6a5e000 rwxp 0000a000 08:05 4238                       /lib/x86_64-linux-gnu/libnss_nis-2.13.so
7fc5a6a5e000-7fc5a6a65000 r-xp 00000000 08:05 4231                       /lib/x86_64-linux-gnu/libnss_compat-2.13.so
7fc5a6a65000-7fc5a6c64000 ---p 00007000 08:05 4231                       /lib/x86_64-linux-gnu/libnss_compat-2.13.so
7fc5a6c64000-7fc5a6c65000 r-xp 00006000 08:05 4231                       /lib/x86_64-linux-gnu/libnss_compat-2.13.so
7fc5a6c65000-7fc5a6c66000 rwxp 00007000 08:05 4231                       /lib/x86_64-linux-gnu/libnss_compat-2.13.so
7fc5a6c66000-7fc5a6c7b000 r-xp 00000000 08:05 4236                       /lib/x86_64-linux-gnu/libnsl-2.13.so
7fc5a6c7b000-7fc5a6e7a000 ---p 00015000 08:05 4236                       /lib/x86_64-linux-gnu/libnsl-2.13.so
7fc5a6e7a000-7fc5a6e7b000 r-xp 00014000 08:05 4236                       /lib/x86_64-linux-gnu/libnsl-2.13.so
7fc5a6e7b000-7fc5a6e7c000 rwxp 00015000 08:05 4236                       /lib/x86_64-linux-gnu/libnsl-2.13.so
7fc5a6e7c000-7fc5a6e7e000 rwxp 00000000 00:00 0 
7fc5a6e7e000-7fc5a6ea7000 r-xp 00000000 08:05 269117                     /usr/lib/jvm/java-6-sun-1.6.0.26/jre/lib/amd64/libjava.so
7fc5a6ea7000-7fc5a6fa6000 ---p 00029000 08:05 269117                     /usr/lib/jvm/java-6-sun-1.6.0.26/jre/lib/amd64/libjava.so
7fc5a6fa6000-7fc5a6fad000 rwxp 00028000 08:05 269117                     /usr/lib/jvm/java-6-sun-1.6.0.26/jre/lib/amd64/libjava.so
7fc5a6fad000-7fc5a6fba000 r-xp 00000000 08:05 269120                     /usr/lib/jvm/java-6-sun-1.6.0.26/jre/lib/amd64/libverify.so
7fc5a6fba000-7fc5a70b9000 ---p 0000d000 08:05 269120                     /usr/lib/jvm/java-6-sun-1.6.0.26/jre/lib/amd64/libverify.so
7fc5a70b9000-7fc5a70bc000 rwxp 0000c000 08:05 269120                     /usr/lib/jvm/java-6-sun-1.6.0.26/jre/lib/amd64/libverify.so
7fc5a70bc000-7fc5a70c3000 r-xp 00000000 08:05 12172                      /lib/x86_64-linux-gnu/librt-2.13.so
7fc5a70c3000-7fc5a72c2000 ---p 00007000 08:05 12172                      /lib/x86_64-linux-gnu/librt-2.13.so
7fc5a72c2000-7fc5a72c3000 r-xp 00006000 08:05 12172                      /lib/x86_64-linux-gnu/librt-2.13.so
7fc5a72c3000-7fc5a72c4000 rwxp 00007000 08:05 12172                      /lib/x86_64-linux-gnu/librt-2.13.so
7fc5a72c4000-7fc5a72c7000 ---p 00000000 00:00 0 
7fc5a72c7000-7fc5a73c5000 rwxp 00000000 00:00 0 
7fc5a73c5000-7fc5a7446000 r-xp 00000000 08:05 4233                       /lib/x86_64-linux-gnu/libm-2.13.so
7fc5a7446000-7fc5a7645000 ---p 00081000 08:05 4233                       /lib/x86_64-linux-gnu/libm-2.13.so
7fc5a7645000-7fc5a7646000 r-xp 00080000 08:05 4233                       /lib/x86_64-linux-gnu/libm-2.13.so
7fc5a7646000-7fc5a7647000 rwxp 00081000 08:05 4233                       /lib/x86_64-linux-gnu/libm-2.13.so
7fc5a7647000-7fc5a7f61000 r-xp 00000000 08:05 269108                     /usr/lib/jvm/java-6-sun-1.6.0.26/jre/lib/amd64/server/libjvm.so
7fc5a7f61000-7fc5a8063000 ---p 0091a000 08:05 269108                     /usr/lib/jvm/java-6-sun-1.6.0.26/jre/lib/amd64/server/libjvm.so
7fc5a8063000-7fc5a8218000 rwxp 0091c000 08:05 269108                     /usr/lib/jvm/java-6-sun-1.6.0.26/jre/lib/amd64/server/libjvm.so
7fc5a8218000-7fc5a8252000 rwxp 00000000 00:00 0 
7fc5a8252000-7fc5a83d2000 r-xp 00000000 08:05 42                         /lib/x86_64-linux-gnu/libc-2.13.so
7fc5a83d2000-7fc5a85d2000 ---p 00180000 08:05 42                         /lib/x86_64-linux-gnu/libc-2.13.so
7fc5a85d2000-7fc5a85d6000 r-xp 00180000 08:05 42                         /lib/x86_64-linux-gnu/libc-2.13.so
7fc5a85d6000-7fc5a85d7000 rwxp 00184000 08:05 42                         /lib/x86_64-linux-gnu/libc-2.13.so
7fc5a85d7000-7fc5a85dc000 rwxp 00000000 00:00 0 
7fc5a85dc000-7fc5a85de000 r-xp 00000000 08:05 4240                       /lib/x86_64-linux-gnu/libdl-2.13.so
7fc5a85de000-7fc5a87de000 ---p 00002000 08:05 4240                       /lib/x86_64-linux-gnu/libdl-2.13.so
7fc5a87de000-7fc5a87df000 r-xp 00002000 08:05 4240                       /lib/x86_64-linux-gnu/libdl-2.13.so
7fc5a87df000-7fc5a87e0000 rwxp 00003000 08:05 4240                       /lib/x86_64-linux-gnu/libdl-2.13.so
7fc5a87e0000-7fc5a87f7000 r-xp 00000000 08:05 12167                      /lib/x86_64-linux-gnu/libpthread-2.13.so
7fc5a87f7000-7fc5a89f6000 ---p 00017000 08:05 12167                      /lib/x86_64-linux-gnu/libpthread-2.13.so
7fc5a89f6000-7fc5a89f7000 r-xp 00016000 08:05 12167                      /lib/x86_64-linux-gnu/libpthread-2.13.so
7fc5a89f7000-7fc5a89f8000 rwxp 00017000 08:05 12167                      /lib/x86_64-linux-gnu/libpthread-2.13.so
7fc5a89f8000-7fc5a89fc000 rwxp 00000000 00:00 0 
7fc5a89fc000-7fc5a8a1c000 r-xp 00000000 08:05 12175                      /lib/x86_64-linux-gnu/ld-2.13.so
7fc5a8a2c000-7fc5a8a36000 rwxp 00000000 00:00 0 
7fc5a8a36000-7fc5a8aec000 rwxp 00000000 00:00 0 
7fc5a8aec000-7fc5a8aef000 rwxp 00000000 00:00 0 
7fc5a8aef000-7fc5a8af6000 r-xp 00000000 08:05 269111                     /usr/lib/jvm/java-6-sun-1.6.0.26/jre/lib/amd64/jli/libjli.so
7fc5a8af6000-7fc5a8bf7000 ---p 00007000 08:05 269111                     /usr/lib/jvm/java-6-sun-1.6.0.26/jre/lib/amd64/jli/libjli.so
7fc5a8bf7000-7fc5a8bf9000 rwxp 00008000 08:05 269111                     /usr/lib/jvm/java-6-sun-1.6.0.26/jre/lib/amd64/jli/libjli.so
7fc5a8bf9000-7fc5a8bfa000 rwxp 00000000 00:00 0 
7fc5a8c0f000-7fc5a8c17000 rwxs 00000000 08:05 267145                     /tmp/hsperfdata_aeliton/6791
7fc5a8c17000-7fc5a8c18000 rwxp 00000000 00:00 0 
7fc5a8c18000-7fc5a8c19000 r-xp 00000000 00:00 0 
7fc5a8c19000-7fc5a8c1b000 rwxp 00000000 00:00 0 
7fc5a8c1b000-7fc5a8c1c000 r-xp 0001f000 08:05 12175                      /lib/x86_64-linux-gnu/ld-2.13.so
7fc5a8c1c000-7fc5a8c1d000 rwxp 00020000 08:05 12175                      /lib/x86_64-linux-gnu/ld-2.13.so
7fc5a8c1d000-7fc5a8c1e000 rwxp 00000000 00:00 0 
7fff6bb6b000-7fff6bb8c000 rwxp 00000000 00:00 0                          [stack]
7fff6bb92000-7fff6bb93000 r-xp 00000000 00:00 0                          [vdso]
ffffffffff600000-ffffffffff601000 r-xp 00000000 00:00 0                  [vsyscall]

VM Arguments:
jvm_args: -Dfile.encoding=UTF-8 -Xbootclasspath:/home/aeliton/android-sdk-linux/platforms/android-17/android.jar 
java_command: org.eclipse.jdt.internal.junit.runner.RemoteTestRunner -version 3 -port 46949 -testLoaderClass org.eclipse.jdt.internal.junit.runner.junit3.JUnit3TestLoader -loaderpluginname org.eclipse.jdt.junit.runtime -classNames com.example.dojo1.test.ConvertTest
Launcher Type: SUN_STANDARD

Environment Variables:
PATH=/home/aeliton/bin:/usr/local/bin:/usr/bin:/bin:/usr/local/games:/usr/games
USERNAME=aeliton
LD_LIBRARY_PATH=/usr/lib/jvm/java-6-sun-1.6.0.26/jre/lib/amd64/server:/usr/lib/jvm/java-6-sun-1.6.0.26/jre/lib/amd64:/usr/lib/jvm/java-6-sun-1.6.0.26/jre/../lib/amd64:/opt/jdk1.6.0_32/jre/lib/amd64/server:/opt/jdk1.6.0_32/jre/lib/amd64:/opt/jdk1.6.0_32/jre/../lib/amd64
SHELL=/bin/bash
DISPLAY=:0

Signal Handlers:
SIGSEGV: [libjvm.so+0x85f800], sa_mask[0]=0x7ffbfeff, sa_flags=0x10000004
SIGBUS: [libjvm.so+0x85f800], sa_mask[0]=0x7ffbfeff, sa_flags=0x10000004
SIGFPE: [libjvm.so+0x70e300], sa_mask[0]=0x7ffbfeff, sa_flags=0x10000004
SIGPIPE: [libjvm.so+0x70e300], sa_mask[0]=0x7ffbfeff, sa_flags=0x10000004
SIGXFSZ: [libjvm.so+0x70e300], sa_mask[0]=0x7ffbfeff, sa_flags=0x10000004
SIGILL: [libjvm.so+0x70e300], sa_mask[0]=0x7ffbfeff, sa_flags=0x10000004
SIGUSR1: SIG_DFL, sa_mask[0]=0x00000000, sa_flags=0x00000000
SIGUSR2: [libjvm.so+0x711110], sa_mask[0]=0x00000004, sa_flags=0x10000004
SIGHUP: SIG_DFL, sa_mask[0]=0x00000000, sa_flags=0x00000000
SIGINT: SIG_DFL, sa_mask[0]=0x00000000, sa_flags=0x00000000
SIGTERM: SIG_DFL, sa_mask[0]=0x00000000, sa_flags=0x00000000
SIGQUIT: SIG_DFL, sa_mask[0]=0x00000000, sa_flags=0x00000000


---------------  S Y S T E M  ---------------

OS:wheezy/sid

uname:Linux 3.0.0-1-amd64 #1 SMP Sat Aug 27 16:21:11 UTC 2011 x86_64
libc:glibc 2.13 NPTL 2.13 
rlimit: STACK 8192k, CORE 0k, NPROC 28966, NOFILE 4096, AS infinity
load average:0.05 0.07 0.17

/proc/meminfo:
MemTotal:        3719580 kB
MemFree:          107780 kB
Buffers:          230020 kB
Cached:          1677636 kB
SwapCached:        32660 kB
Active:          2127592 kB
Inactive:        1111404 kB
Active(anon):    1387392 kB
Inactive(anon):   356560 kB
Active(file):     740200 kB
Inactive(file):   754844 kB
Unevictable:           0 kB
Mlocked:               0 kB
SwapTotal:       3040252 kB
SwapFree:        2927624 kB
Dirty:              1960 kB
Writeback:             0 kB
AnonPages:       1307612 kB
Mapped:           153432 kB
Shmem:            412156 kB
Slab:             314772 kB
SReclaimable:     190752 kB
SUnreclaim:       124020 kB
KernelStack:        3200 kB
PageTables:        19480 kB
NFS_Unstable:          0 kB
Bounce:                0 kB
WritebackTmp:          0 kB
CommitLimit:     4900040 kB
Committed_AS:    3468516 kB
VmallocTotal:   34359738367 kB
VmallocUsed:      361900 kB
VmallocChunk:   34359288924 kB
HardwareCorrupted:     0 kB
AnonHugePages:         0 kB
HugePages_Total:       0
HugePages_Free:        0
HugePages_Rsvd:        0
HugePages_Surp:        0
Hugepagesize:       2048 kB
DirectMap4k:       61936 kB
DirectMap2M:     3786752 kB


CPU:total 4 (2 cores per cpu, 2 threads per core) family 6 model 37 stepping 2, cmov, cx8, fxsr, mmx, sse, sse2, sse3, ssse3, sse4.1, sse4.2, popcnt, ht

/proc/cpuinfo:
processor	: 0
vendor_id	: GenuineIntel
cpu family	: 6
model		: 37
model name	: Intel(R) Core(TM) i3 CPU       M 330  @ 2.13GHz
stepping	: 2
cpu MHz		: 2133.000
cache size	: 3072 KB
physical id	: 0
siblings	: 4
core id		: 0
cpu cores	: 2
apicid		: 0
initial apicid	: 0
fpu		: yes
fpu_exception	: yes
cpuid level	: 11
wp		: yes
flags		: fpu vme de pse tsc msr pae mce cx8 apic sep mtrr pge mca cmov pat pse36 clflush dts acpi mmx fxsr sse sse2 ss ht tm pbe syscall nx rdtscp lm constant_tsc arch_perfmon pebs bts rep_good nopl xtopology nonstop_tsc aperfmperf pni dtes64 monitor ds_cpl vmx est tm2 ssse3 cx16 xtpr pdcm sse4_1 sse4_2 popcnt lahf_lm arat dts tpr_shadow vnmi flexpriority ept vpid
bogomips	: 4255.59
clflush size	: 64
cache_alignment	: 64
address sizes	: 36 bits physical, 48 bits virtual
power management:

processor	: 1
vendor_id	: GenuineIntel
cpu family	: 6
model		: 37
model name	: Intel(R) Core(TM) i3 CPU       M 330  @ 2.13GHz
stepping	: 2
cpu MHz		: 2133.000
cache size	: 3072 KB
physical id	: 0
siblings	: 4
core id		: 2
cpu cores	: 2
apicid		: 4
initial apicid	: 4
fpu		: yes
fpu_exception	: yes
cpuid level	: 11
wp		: yes
flags		: fpu vme de pse tsc msr pae mce cx8 apic sep mtrr pge mca cmov pat pse36 clflush dts acpi mmx fxsr sse sse2 ss ht tm pbe syscall nx rdtscp lm constant_tsc arch_perfmon pebs bts rep_good nopl xtopology nonstop_tsc aperfmperf pni dtes64 monitor ds_cpl vmx est tm2 ssse3 cx16 xtpr pdcm sse4_1 sse4_2 popcnt lahf_lm arat dts tpr_shadow vnmi flexpriority ept vpid
bogomips	: 4256.17
clflush size	: 64
cache_alignment	: 64
address sizes	: 36 bits physical, 48 bits virtual
power management:

processor	: 2
vendor_id	: GenuineIntel
cpu family	: 6
model		: 37
model name	: Intel(R) Core(TM) i3 CPU       M 330  @ 2.13GHz
stepping	: 2
cpu MHz		: 933.000
cache size	: 3072 KB
physical id	: 0
siblings	: 4
core id		: 0
cpu cores	: 2
apicid		: 1
initial apicid	: 1
fpu		: yes
fpu_exception	: yes
cpuid level	: 11
wp		: yes
flags		: fpu vme de pse tsc msr pae mce cx8 apic sep mtrr pge mca cmov pat pse36 clflush dts acpi mmx fxsr sse sse2 ss ht tm pbe syscall nx rdtscp lm constant_tsc arch_perfmon pebs bts rep_good nopl xtopology nonstop_tsc aperfmperf pni dtes64 monitor ds_cpl vmx est tm2 ssse3 cx16 xtpr pdcm sse4_1 sse4_2 popcnt lahf_lm arat dts tpr_shadow vnmi flexpriority ept vpid
bogomips	: 4256.16
clflush size	: 64
cache_alignment	: 64
address sizes	: 36 bits physical, 48 bits virtual
power management:

processor	: 3
vendor_id	: GenuineIntel
cpu family	: 6
model		: 37
model name	: Intel(R) Core(TM) i3 CPU       M 330  @ 2.13GHz
stepping	: 2
cpu MHz		: 933.000
cache size	: 3072 KB
physical id	: 0
siblings	: 4
core id		: 2
cpu cores	: 2
apicid		: 5
initial apicid	: 5
fpu		: yes
fpu_exception	: yes
cpuid level	: 11
wp		: yes
flags		: fpu vme de pse tsc msr pae mce cx8 apic sep mtrr pge mca cmov pat pse36 clflush dts acpi mmx fxsr sse sse2 ss ht tm pbe syscall nx rdtscp lm constant_tsc arch_perfmon pebs bts rep_good nopl xtopology nonstop_tsc aperfmperf pni dtes64 monitor ds_cpl vmx est tm2 ssse3 cx16 xtpr pdcm sse4_1 sse4_2 popcnt lahf_lm arat dts tpr_shadow vnmi flexpriority ept vpid
bogomips	: 4256.17
clflush size	: 64
cache_alignment	: 64
address sizes	: 36 bits physical, 48 bits virtual
power management:



Memory: 4k page, physical 3719580k(107780k free), swap 3040252k(2927624k free)

vm_info: Java HotSpot(TM) 64-Bit Server VM (20.1-b02) for linux-amd64 JRE (1.6.0_26-b03), built on May  4 2011 01:13:47 by "java_re" with gcc 3.2.2 (SuSE Linux)

time: Fri Feb 15 10:06:07 2013
elapsed time: 0 seconds

