#
# A fatal error has been detected by the Java Runtime Environment:
#
#  Internal Error (classFileParser.cpp:3494), pid=6803, tid=140356273538816
#  Error: ShouldNotReachHere()
#
# JRE version: 6.0_26-b03
# Java VM: Java HotSpot(TM) 64-Bit Server VM (20.1-b02 mixed mode linux-amd64 compressed oops)
# If you would like to submit a bug report, please visit:
#   http://java.sun.com/webapps/bugreport/crash.jsp
#

---------------  T H R E A D  ---------------

Current thread (0x0000000040684000):  JavaThread "Unknown thread" [_thread_in_vm, id=6809, stack(0x00007fa73dc38000,0x00007fa73dd39000)]

Stack: [0x00007fa73dc38000,0x00007fa73dd39000],  sp=0x00007fa73dd37150,  free space=1020k
Native frames: (J=compiled Java code, j=interpreted, Vv=VM code, C=native code)
V  [libjvm.so+0x85ebd5]  VMError::report_and_die()+0x265
V  [libjvm.so+0x3e4286]  report_should_not_reach_here(char const*, int)+0x46
V  [libjvm.so+0x36d64b]  ClassFileParser::parseClassFile(symbolHandle, Handle, Handle, KlassHandle, GrowableArray<Handle>*, symbolHandle&, bool, Thread*)+0x2b8b
V  [libjvm.so+0x373adf]  ClassLoader::load_classfile(symbolHandle, Thread*)+0x22f
V  [libjvm.so+0x7eb85f]  SystemDictionary::load_instance_class(symbolHandle, Handle, Thread*)+0xef
V  [libjvm.so+0x7e9845]  SystemDictionary::resolve_instance_class_or_null(symbolHandle, Handle, Handle, Thread*)+0x575
V  [libjvm.so+0x7e85d1]  SystemDictionary::resolve_or_null(symbolHandle, Handle, Handle, Thread*)+0x81
V  [libjvm.so+0x7e81e4]  SystemDictionary::resolve_or_fail(symbolHandle, Handle, Handle, bool, Thread*)+0x34
V  [libjvm.so+0x7ed060]  SystemDictionary::initialize_wk_klass(SystemDictionary::WKID, int, Thread*)+0x70
V  [libjvm.so+0x7ed0f5]  SystemDictionary::initialize_wk_klasses_until(SystemDictionary::WKID, SystemDictionary::WKID&, Thread*)+0x45
V  [libjvm.so+0x7ed1d5]  SystemDictionary::initialize_preloaded_classes(Thread*)+0x75
V  [libjvm.so+0x7ecf88]  SystemDictionary::initialize(Thread*)+0xd8
V  [libjvm.so+0x8349c8]  Universe::genesis(Thread*)+0x598
V  [libjvm.so+0x8368d9]  universe2_init()+0x29
V  [libjvm.so+0x4ac57c]  init_globals()+0x8c
V  [libjvm.so+0x81cc74]  Threads::create_vm(JavaVMInitArgs*, bool*)+0x214
V  [libjvm.so+0x51a7b0]  JNI_CreateJavaVM+0x80


---------------  P R O C E S S  ---------------

Java Threads: ( => current thread )

Other Threads:

=>0x0000000040684000 (exited) JavaThread "Unknown thread" [_thread_in_vm, id=6809, stack(0x00007fa73dc38000,0x00007fa73dd39000)]

VM state:not at safepoint (not fully initialized)

VM Mutex/Monitor currently owned by a thread: None

Dynamic libraries:
40000000-40009000 r-xp 00000000 08:05 268820                             /usr/lib/jvm/java-6-sun-1.6.0.26/jre/bin/java
40108000-4010a000 rwxp 00008000 08:05 268820                             /usr/lib/jvm/java-6-sun-1.6.0.26/jre/bin/java
4067b000-4070f000 rwxp 00000000 00:00 0                                  [heap]
c2000000-c34c0000 rwxp 00000000 00:00 0 
c34c0000-c7200000 rwxp 00000000 00:00 0 
c7200000-c97e0000 rwxp 00000000 00:00 0 
c97e0000-ed0b0000 rwxp 00000000 00:00 0 
ed0b0000-ee3a0000 rwxp 00000000 00:00 0 
ee3a0000-100000000 rwxp 00000000 00:00 0 
7fa734000000-7fa734021000 rwxp 00000000 00:00 0 
7fa734021000-7fa738000000 ---p 00000000 00:00 0 
7fa73966c000-7fa739731000 r-xs 0115c000 00:15 2368277                    /home/aeliton/android-sdk-linux/platforms/android-17/android.jar
7fa739731000-7fa739759000 rwxp 00000000 00:00 0 
7fa739759000-7fa73975a000 ---p 00000000 00:00 0 
7fa73975a000-7fa73985a000 rwxp 00000000 00:00 0 
7fa73985a000-7fa73985b000 ---p 00000000 00:00 0 
7fa73985b000-7fa73995b000 rwxp 00000000 00:00 0 
7fa73995b000-7fa73995c000 ---p 00000000 00:00 0 
7fa73995c000-7fa739a5c000 rwxp 00000000 00:00 0 
7fa739a5c000-7fa739a5d000 ---p 00000000 00:00 0 
7fa739a5d000-7fa739b68000 rwxp 00000000 00:00 0 
7fa739b68000-7fa739b86000 rwxp 00000000 00:00 0 
7fa739b86000-7fa739b99000 rwxp 00000000 00:00 0 
7fa739b99000-7fa739cb6000 rwxp 00000000 00:00 0 
7fa739cb6000-7fa739cc1000 rwxp 00000000 00:00 0 
7fa739cc1000-7fa739cdf000 rwxp 00000000 00:00 0 
7fa739cdf000-7fa739cf2000 rwxp 00000000 00:00 0 
7fa739cf2000-7fa739e0e000 rwxp 00000000 00:00 0 
7fa739e0e000-7fa739e18000 rwxp 00000000 00:00 0 
7fa739e18000-7fa739ea6000 rwxp 00000000 00:00 0 
7fa739ea6000-7fa73a117000 rwxp 00000000 00:00 0 
7fa73a117000-7fa73cea7000 rwxp 00000000 00:00 0 
7fa73cea7000-7fa73ceb5000 r-xp 00000000 08:05 269112                     /usr/lib/jvm/java-6-sun-1.6.0.26/jre/lib/amd64/libzip.so
7fa73ceb5000-7fa73cfb7000 ---p 0000e000 08:05 269112                     /usr/lib/jvm/java-6-sun-1.6.0.26/jre/lib/amd64/libzip.so
7fa73cfb7000-7fa73cfba000 rwxp 00010000 08:05 269112                     /usr/lib/jvm/java-6-sun-1.6.0.26/jre/lib/amd64/libzip.so
7fa73cfba000-7fa73cfbb000 rwxp 00000000 00:00 0 
7fa73cfbb000-7fa73cfc6000 r-xp 00000000 08:05 5038                       /lib/x86_64-linux-gnu/libnss_files-2.13.so
7fa73cfc6000-7fa73d1c5000 ---p 0000b000 08:05 5038                       /lib/x86_64-linux-gnu/libnss_files-2.13.so
7fa73d1c5000-7fa73d1c6000 r-xp 0000a000 08:05 5038                       /lib/x86_64-linux-gnu/libnss_files-2.13.so
7fa73d1c6000-7fa73d1c7000 rwxp 0000b000 08:05 5038                       /lib/x86_64-linux-gnu/libnss_files-2.13.so
7fa73d1c7000-7fa73d1d1000 r-xp 00000000 08:05 4238                       /lib/x86_64-linux-gnu/libnss_nis-2.13.so
7fa73d1d1000-7fa73d3d0000 ---p 0000a000 08:05 4238                       /lib/x86_64-linux-gnu/libnss_nis-2.13.so
7fa73d3d0000-7fa73d3d1000 r-xp 00009000 08:05 4238                       /lib/x86_64-linux-gnu/libnss_nis-2.13.so
7fa73d3d1000-7fa73d3d2000 rwxp 0000a000 08:05 4238                       /lib/x86_64-linux-gnu/libnss_nis-2.13.so
7fa73d3d2000-7fa73d3d9000 r-xp 00000000 08:05 4231                       /lib/x86_64-linux-gnu/libnss_compat-2.13.so
7fa73d3d9000-7fa73d5d8000 ---p 00007000 08:05 4231                       /lib/x86_64-linux-gnu/libnss_compat-2.13.so
7fa73d5d8000-7fa73d5d9000 r-xp 00006000 08:05 4231                       /lib/x86_64-linux-gnu/libnss_compat-2.13.so
7fa73d5d9000-7fa73d5da000 rwxp 00007000 08:05 4231                       /lib/x86_64-linux-gnu/libnss_compat-2.13.so
7fa73d5da000-7fa73d5ef000 r-xp 00000000 08:05 4236                       /lib/x86_64-linux-gnu/libnsl-2.13.so
7fa73d5ef000-7fa73d7ee000 ---p 00015000 08:05 4236                       /lib/x86_64-linux-gnu/libnsl-2.13.so
7fa73d7ee000-7fa73d7ef000 r-xp 00014000 08:05 4236                       /lib/x86_64-linux-gnu/libnsl-2.13.so
7fa73d7ef000-7fa73d7f0000 rwxp 00015000 08:05 4236                       /lib/x86_64-linux-gnu/libnsl-2.13.so
7fa73d7f0000-7fa73d7f2000 rwxp 00000000 00:00 0 
7fa73d7f2000-7fa73d81b000 r-xp 00000000 08:05 269117                     /usr/lib/jvm/java-6-sun-1.6.0.26/jre/lib/amd64/libjava.so
7fa73d81b000-7fa73d91a000 ---p 00029000 08:05 269117                     /usr/lib/jvm/java-6-sun-1.6.0.26/jre/lib/amd64/libjava.so
7fa73d91a000-7fa73d921000 rwxp 00028000 08:05 269117                     /usr/lib/jvm/java-6-sun-1.6.0.26/jre/lib/amd64/libjava.so
7fa73d921000-7fa73d92e000 r-xp 00000000 08:05 269120                     /usr/lib/jvm/java-6-sun-1.6.0.26/jre/lib/amd64/libverify.so
7fa73d92e000-7fa73da2d000 ---p 0000d000 08:05 269120                     /usr/lib/jvm/java-6-sun-1.6.0.26/jre/lib/amd64/libverify.so
7fa73da2d000-7fa73da30000 rwxp 0000c000 08:05 269120                     /usr/lib/jvm/java-6-sun-1.6.0.26/jre/lib/amd64/libverify.so
7fa73da30000-7fa73da37000 r-xp 00000000 08:05 12172                      /lib/x86_64-linux-gnu/librt-2.13.so
7fa73da37000-7fa73dc36000 ---p 00007000 08:05 12172                      /lib/x86_64-linux-gnu/librt-2.13.so
7fa73dc36000-7fa73dc37000 r-xp 00006000 08:05 12172                      /lib/x86_64-linux-gnu/librt-2.13.so
7fa73dc37000-7fa73dc38000 rwxp 00007000 08:05 12172                      /lib/x86_64-linux-gnu/librt-2.13.so
7fa73dc38000-7fa73dc3b000 ---p 00000000 00:00 0 
7fa73dc3b000-7fa73dd39000 rwxp 00000000 00:00 0 
7fa73dd39000-7fa73ddba000 r-xp 00000000 08:05 4233                       /lib/x86_64-linux-gnu/libm-2.13.so
7fa73ddba000-7fa73dfb9000 ---p 00081000 08:05 4233                       /lib/x86_64-linux-gnu/libm-2.13.so
7fa73dfb9000-7fa73dfba000 r-xp 00080000 08:05 4233                       /lib/x86_64-linux-gnu/libm-2.13.so
7fa73dfba000-7fa73dfbb000 rwxp 00081000 08:05 4233                       /lib/x86_64-linux-gnu/libm-2.13.so
7fa73dfbb000-7fa73e8d5000 r-xp 00000000 08:05 269108                     /usr/lib/jvm/java-6-sun-1.6.0.26/jre/lib/amd64/server/libjvm.so
7fa73e8d5000-7fa73e9d7000 ---p 0091a000 08:05 269108                     /usr/lib/jvm/java-6-sun-1.6.0.26/jre/lib/amd64/server/libjvm.so
7fa73e9d7000-7fa73eb8c000 rwxp 0091c000 08:05 269108                     /usr/lib/jvm/java-6-sun-1.6.0.26/jre/lib/amd64/server/libjvm.so
7fa73eb8c000-7fa73ebc6000 rwxp 00000000 00:00 0 
7fa73ebc6000-7fa73ed46000 r-xp 00000000 08:05 42                         /lib/x86_64-linux-gnu/libc-2.13.so
7fa73ed46000-7fa73ef46000 ---p 00180000 08:05 42                         /lib/x86_64-linux-gnu/libc-2.13.so
7fa73ef46000-7fa73ef4a000 r-xp 00180000 08:05 42                         /lib/x86_64-linux-gnu/libc-2.13.so
7fa73ef4a000-7fa73ef4b000 rwxp 00184000 08:05 42                         /lib/x86_64-linux-gnu/libc-2.13.so
7fa73ef4b000-7fa73ef50000 rwxp 00000000 00:00 0 
7fa73ef50000-7fa73ef52000 r-xp 00000000 08:05 4240                       /lib/x86_64-linux-gnu/libdl-2.13.so
7fa73ef52000-7fa73f152000 ---p 00002000 08:05 4240                       /lib/x86_64-linux-gnu/libdl-2.13.so
7fa73f152000-7fa73f153000 r-xp 00002000 08:05 4240                       /lib/x86_64-linux-gnu/libdl-2.13.so
7fa73f153000-7fa73f154000 rwxp 00003000 08:05 4240                       /lib/x86_64-linux-gnu/libdl-2.13.so
7fa73f154000-7fa73f16b000 r-xp 00000000 08:05 12167                      /lib/x86_64-linux-gnu/libpthread-2.13.so
7fa73f16b000-7fa73f36a000 ---p 00017000 08:05 12167                      /lib/x86_64-linux-gnu/libpthread-2.13.so
7fa73f36a000-7fa73f36b000 r-xp 00016000 08:05 12167                      /lib/x86_64-linux-gnu/libpthread-2.13.so
7fa73f36b000-7fa73f36c000 rwxp 00017000 08:05 12167                      /lib/x86_64-linux-gnu/libpthread-2.13.so
7fa73f36c000-7fa73f370000 rwxp 00000000 00:00 0 
7fa73f370000-7fa73f390000 r-xp 00000000 08:05 12175                      /lib/x86_64-linux-gnu/ld-2.13.so
7fa73f3a0000-7fa73f3aa000 rwxp 00000000 00:00 0 
7fa73f3aa000-7fa73f460000 rwxp 00000000 00:00 0 
7fa73f460000-7fa73f463000 rwxp 00000000 00:00 0 
7fa73f463000-7fa73f46a000 r-xp 00000000 08:05 269111                     /usr/lib/jvm/java-6-sun-1.6.0.26/jre/lib/amd64/jli/libjli.so
7fa73f46a000-7fa73f56b000 ---p 00007000 08:05 269111                     /usr/lib/jvm/java-6-sun-1.6.0.26/jre/lib/amd64/jli/libjli.so
7fa73f56b000-7fa73f56d000 rwxp 00008000 08:05 269111                     /usr/lib/jvm/java-6-sun-1.6.0.26/jre/lib/amd64/jli/libjli.so
7fa73f56d000-7fa73f56e000 rwxp 00000000 00:00 0 
7fa73f583000-7fa73f58b000 rwxs 00000000 08:05 267145                     /tmp/hsperfdata_aeliton/6803
7fa73f58b000-7fa73f58c000 rwxp 00000000 00:00 0 
7fa73f58c000-7fa73f58d000 r-xp 00000000 00:00 0 
7fa73f58d000-7fa73f58f000 rwxp 00000000 00:00 0 
7fa73f58f000-7fa73f590000 r-xp 0001f000 08:05 12175                      /lib/x86_64-linux-gnu/ld-2.13.so
7fa73f590000-7fa73f591000 rwxp 00020000 08:05 12175                      /lib/x86_64-linux-gnu/ld-2.13.so
7fa73f591000-7fa73f592000 rwxp 00000000 00:00 0 
7fff7943c000-7fff7945d000 rwxp 00000000 00:00 0                          [stack]
7fff795ff000-7fff79600000 r-xp 00000000 00:00 0                          [vdso]
ffffffffff600000-ffffffffff601000 r-xp 00000000 00:00 0                  [vsyscall]

VM Arguments:
jvm_args: -Dfile.encoding=UTF-8 -Xbootclasspath:/home/aeliton/android-sdk-linux/platforms/android-17/android.jar 
java_command: org.eclipse.jdt.internal.junit.runner.RemoteTestRunner -version 3 -port 38567 -testLoaderClass org.eclipse.jdt.internal.junit.runner.junit3.JUnit3TestLoader -loaderpluginname org.eclipse.jdt.junit.runtime -classNames com.example.dojo1.test.ConvertTest
Launcher Type: SUN_STANDARD

Environment Variables:
PATH=/home/aeliton/bin:/usr/local/bin:/usr/bin:/bin:/usr/local/games:/usr/games
USERNAME=aeliton
LD_LIBRARY_PATH=/usr/lib/jvm/java-6-sun-1.6.0.26/jre/lib/amd64/server:/usr/lib/jvm/java-6-sun-1.6.0.26/jre/lib/amd64:/usr/lib/jvm/java-6-sun-1.6.0.26/jre/../lib/amd64:/opt/jdk1.6.0_32/jre/lib/amd64/server:/opt/jdk1.6.0_32/jre/lib/amd64:/opt/jdk1.6.0_32/jre/../lib/amd64
SHELL=/bin/bash
DISPLAY=:0

Signal Handlers:
SIGSEGV: [libjvm.so+0x85f800], sa_mask[0]=0x7ffbfeff, sa_flags=0x10000004
SIGBUS: [libjvm.so+0x85f800], sa_mask[0]=0x7ffbfeff, sa_flags=0x10000004
SIGFPE: [libjvm.so+0x70e300], sa_mask[0]=0x7ffbfeff, sa_flags=0x10000004
SIGPIPE: [libjvm.so+0x70e300], sa_mask[0]=0x7ffbfeff, sa_flags=0x10000004
SIGXFSZ: [libjvm.so+0x70e300], sa_mask[0]=0x7ffbfeff, sa_flags=0x10000004
SIGILL: [libjvm.so+0x70e300], sa_mask[0]=0x7ffbfeff, sa_flags=0x10000004
SIGUSR1: SIG_DFL, sa_mask[0]=0x00000000, sa_flags=0x00000000
SIGUSR2: [libjvm.so+0x711110], sa_mask[0]=0x00000004, sa_flags=0x10000004
SIGHUP: SIG_DFL, sa_mask[0]=0x00000000, sa_flags=0x00000000
SIGINT: SIG_DFL, sa_mask[0]=0x00000000, sa_flags=0x00000000
SIGTERM: SIG_DFL, sa_mask[0]=0x00000000, sa_flags=0x00000000
SIGQUIT: SIG_DFL, sa_mask[0]=0x00000000, sa_flags=0x00000000


---------------  S Y S T E M  ---------------

OS:wheezy/sid

uname:Linux 3.0.0-1-amd64 #1 SMP Sat Aug 27 16:21:11 UTC 2011 x86_64
libc:glibc 2.13 NPTL 2.13 
rlimit: STACK 8192k, CORE 0k, NPROC 28966, NOFILE 4096, AS infinity
load average:0.04 0.06 0.16

/proc/meminfo:
MemTotal:        3719580 kB
MemFree:          132220 kB
Buffers:          230076 kB
Cached:          1653912 kB
SwapCached:        32632 kB
Active:          2141604 kB
Inactive:        1073520 kB
Active(anon):    1395300 kB
Inactive(anon):   323192 kB
Active(file):     746304 kB
Inactive(file):   750328 kB
Unevictable:           0 kB
Mlocked:               0 kB
SwapTotal:       3040252 kB
SwapFree:        2927652 kB
Dirty:              2436 kB
Writeback:             0 kB
AnonPages:       1307092 kB
Mapped:           153608 kB
Shmem:            387348 kB
Slab:             314776 kB
SReclaimable:     190792 kB
SUnreclaim:       123984 kB
KernelStack:        3200 kB
PageTables:        19496 kB
NFS_Unstable:          0 kB
Bounce:                0 kB
WritebackTmp:          0 kB
CommitLimit:     4900040 kB
Committed_AS:    3442600 kB
VmallocTotal:   34359738367 kB
VmallocUsed:      361804 kB
VmallocChunk:   34359288924 kB
HardwareCorrupted:     0 kB
AnonHugePages:         0 kB
HugePages_Total:       0
HugePages_Free:        0
HugePages_Rsvd:        0
HugePages_Surp:        0
Hugepagesize:       2048 kB
DirectMap4k:       61936 kB
DirectMap2M:     3786752 kB


CPU:total 4 (2 cores per cpu, 2 threads per core) family 6 model 37 stepping 2, cmov, cx8, fxsr, mmx, sse, sse2, sse3, ssse3, sse4.1, sse4.2, popcnt, ht

/proc/cpuinfo:
processor	: 0
vendor_id	: GenuineIntel
cpu family	: 6
model		: 37
model name	: Intel(R) Core(TM) i3 CPU       M 330  @ 2.13GHz
stepping	: 2
cpu MHz		: 2133.000
cache size	: 3072 KB
physical id	: 0
siblings	: 4
core id		: 0
cpu cores	: 2
apicid		: 0
initial apicid	: 0
fpu		: yes
fpu_exception	: yes
cpuid level	: 11
wp		: yes
flags		: fpu vme de pse tsc msr pae mce cx8 apic sep mtrr pge mca cmov pat pse36 clflush dts acpi mmx fxsr sse sse2 ss ht tm pbe syscall nx rdtscp lm constant_tsc arch_perfmon pebs bts rep_good nopl xtopology nonstop_tsc aperfmperf pni dtes64 monitor ds_cpl vmx est tm2 ssse3 cx16 xtpr pdcm sse4_1 sse4_2 popcnt lahf_lm arat dts tpr_shadow vnmi flexpriority ept vpid
bogomips	: 4255.59
clflush size	: 64
cache_alignment	: 64
address sizes	: 36 bits physical, 48 bits virtual
power management:

processor	: 1
vendor_id	: GenuineIntel
cpu family	: 6
model		: 37
model name	: Intel(R) Core(TM) i3 CPU       M 330  @ 2.13GHz
stepping	: 2
cpu MHz		: 933.000
cache size	: 3072 KB
physical id	: 0
siblings	: 4
core id		: 2
cpu cores	: 2
apicid		: 4
initial apicid	: 4
fpu		: yes
fpu_exception	: yes
cpuid level	: 11
wp		: yes
flags		: fpu vme de pse tsc msr pae mce cx8 apic sep mtrr pge mca cmov pat pse36 clflush dts acpi mmx fxsr sse sse2 ss ht tm pbe syscall nx rdtscp lm constant_tsc arch_perfmon pebs bts rep_good nopl xtopology nonstop_tsc aperfmperf pni dtes64 monitor ds_cpl vmx est tm2 ssse3 cx16 xtpr pdcm sse4_1 sse4_2 popcnt lahf_lm arat dts tpr_shadow vnmi flexpriority ept vpid
bogomips	: 4256.17
clflush size	: 64
cache_alignment	: 64
address sizes	: 36 bits physical, 48 bits virtual
power management:

processor	: 2
vendor_id	: GenuineIntel
cpu family	: 6
model		: 37
model name	: Intel(R) Core(TM) i3 CPU       M 330  @ 2.13GHz
stepping	: 2
cpu MHz		: 1066.000
cache size	: 3072 KB
physical id	: 0
siblings	: 4
core id		: 0
cpu cores	: 2
apicid		: 1
initial apicid	: 1
fpu		: yes
fpu_exception	: yes
cpuid level	: 11
wp		: yes
flags		: fpu vme de pse tsc msr pae mce cx8 apic sep mtrr pge mca cmov pat pse36 clflush dts acpi mmx fxsr sse sse2 ss ht tm pbe syscall nx rdtscp lm constant_tsc arch_perfmon pebs bts rep_good nopl xtopology nonstop_tsc aperfmperf pni dtes64 monitor ds_cpl vmx est tm2 ssse3 cx16 xtpr pdcm sse4_1 sse4_2 popcnt lahf_lm arat dts tpr_shadow vnmi flexpriority ept vpid
bogomips	: 4256.16
clflush size	: 64
cache_alignment	: 64
address sizes	: 36 bits physical, 48 bits virtual
power management:

processor	: 3
vendor_id	: GenuineIntel
cpu family	: 6
model		: 37
model name	: Intel(R) Core(TM) i3 CPU       M 330  @ 2.13GHz
stepping	: 2
cpu MHz		: 933.000
cache size	: 3072 KB
physical id	: 0
siblings	: 4
core id		: 2
cpu cores	: 2
apicid		: 5
initial apicid	: 5
fpu		: yes
fpu_exception	: yes
cpuid level	: 11
wp		: yes
flags		: fpu vme de pse tsc msr pae mce cx8 apic sep mtrr pge mca cmov pat pse36 clflush dts acpi mmx fxsr sse sse2 ss ht tm pbe syscall nx rdtscp lm constant_tsc arch_perfmon pebs bts rep_good nopl xtopology nonstop_tsc aperfmperf pni dtes64 monitor ds_cpl vmx est tm2 ssse3 cx16 xtpr pdcm sse4_1 sse4_2 popcnt lahf_lm arat dts tpr_shadow vnmi flexpriority ept vpid
bogomips	: 4256.17
clflush size	: 64
cache_alignment	: 64
address sizes	: 36 bits physical, 48 bits virtual
power management:



Memory: 4k page, physical 3719580k(132220k free), swap 3040252k(2927652k free)

vm_info: Java HotSpot(TM) 64-Bit Server VM (20.1-b02) for linux-amd64 JRE (1.6.0_26-b03), built on May  4 2011 01:13:47 by "java_re" with gcc 3.2.2 (SuSE Linux)

time: Fri Feb 15 10:06:27 2013
elapsed time: 0 seconds

